<?xml version="1.0" encoding="UTF-8"?>
<!-- Generated by org.testng.reporters.JUnitXMLReporter -->
<testsuite ignored="0" hostname="DESKTOP-ESAV9NA" failures="0" tests="3" name="Default test" time="13.439" errors="0" timestamp="2023-08-22T20:45:28 BDT">
  <testcase classname="TestNG.Testing04" name="TestUrl" time="0.032"/>
  <testcase classname="TestNG.Testing04" name="TestTitle" time="0.021"/>
  <testcase classname="TestNG.Testing04" name="LoginCheck" time="2.419"/>
</testsuite> <!-- Default test -->
