<?xml version="1.0" encoding="UTF-8"?>
<testng-results ignored="0" total="3" passed="3" failed="0" skipped="0">
  <reporter-output>
  </reporter-output>
  <suite started-at="2023-08-22T20:45:15 BDT" name="Default suite" finished-at="2023-08-22T20:45:28 BDT" duration-ms="13439">
    <groups>
    </groups>
    <test started-at="2023-08-22T20:45:15 BDT" name="Default test" finished-at="2023-08-22T20:45:28 BDT" duration-ms="13439">
      <class name="TestNG.Testing04">
        <test-method is-config="true" signature="init()[pri:0, instance:TestNG.Testing04@3f23a3a0]" started-at="2023-08-22T20:45:15 BDT" name="init" finished-at="2023-08-22T20:45:26 BDT" duration-ms="10887" status="PASS">
          <reporter-output>
          </reporter-output>
        </test-method> <!-- init -->
        <test-method signature="TestUrl()[pri:1, instance:TestNG.Testing04@3f23a3a0]" started-at="2023-08-22T20:45:26 BDT" name="TestUrl" finished-at="2023-08-22T20:45:26 BDT" duration-ms="32" status="PASS">
          <reporter-output>
          </reporter-output>
        </test-method> <!-- TestUrl -->
        <test-method signature="TestTitle()[pri:2, instance:TestNG.Testing04@3f23a3a0]" started-at="2023-08-22T20:45:26 BDT" name="TestTitle" finished-at="2023-08-22T20:45:26 BDT" duration-ms="21" status="PASS">
          <reporter-output>
          </reporter-output>
        </test-method> <!-- TestTitle -->
        <test-method signature="LoginCheck()[pri:3, instance:TestNG.Testing04@3f23a3a0]" started-at="2023-08-22T20:45:26 BDT" name="LoginCheck" finished-at="2023-08-22T20:45:28 BDT" duration-ms="2419" status="PASS">
          <reporter-output>
          </reporter-output>
        </test-method> <!-- LoginCheck -->
      </class> <!-- TestNG.Testing04 -->
    </test> <!-- Default test -->
  </suite> <!-- Default suite -->
</testng-results>
